[0.008s] Invoking command in '/simple_ws/build/zed_ros2': CMAKE_PREFIX_PATH=/simple_ws/install/zed_wrapper:/simple_ws/install/zed_components:/simple_ws/install/zed_ros2:/simple_ws/install/ros_tcp_endpoint:/simple_ws/install/middle_nodes:/opt/ros/humble /usr/bin/cmake /simple_ws/src/zed_ros2 -DAMENT_CMAKE_SYMLINK_INSTALL=1 -DCMAKE_INSTALL_PREFIX=/simple_ws/install/zed_ros2
[0.020s] -- Found ament_cmake_auto: 1.3.11 (/opt/ros/humble/share/ament_cmake_auto/cmake)
[0.119s] -- Found Python3: /usr/bin/python3 (found version "3.10.12") found components: Interpreter 
[0.161s] -- Override CMake install command with custom implementation using symlinks instead of copying resources
[0.236s] -- Found ament_lint_auto: 0.12.11 (/opt/ros/humble/share/ament_lint_auto/cmake)
[0.255s] -- Added test 'copyright' to check source files copyright and LICENSE
[0.256s] -- Added test 'lint_cmake' to check CMake code style
[0.257s] -- Added test 'xmllint' to check XML markup files
[0.259s] -- Configuring done
[0.262s] -- Generating done
[0.264s] -- Build files have been written to: /simple_ws/build/zed_ros2
[0.266s] Invoked command in '/simple_ws/build/zed_ros2' returned '0': CMAKE_PREFIX_PATH=/simple_ws/install/zed_wrapper:/simple_ws/install/zed_components:/simple_ws/install/zed_ros2:/simple_ws/install/ros_tcp_endpoint:/simple_ws/install/middle_nodes:/opt/ros/humble /usr/bin/cmake /simple_ws/src/zed_ros2 -DAMENT_CMAKE_SYMLINK_INSTALL=1 -DCMAKE_INSTALL_PREFIX=/simple_ws/install/zed_ros2
[0.268s] Invoking command in '/simple_ws/build/zed_ros2': CMAKE_PREFIX_PATH=/simple_ws/install/zed_wrapper:/simple_ws/install/zed_components:/simple_ws/install/zed_ros2:/simple_ws/install/ros_tcp_endpoint:/simple_ws/install/middle_nodes:/opt/ros/humble /usr/bin/cmake --build /simple_ws/build/zed_ros2 -- -j32 -l32
[0.296s] Invoked command in '/simple_ws/build/zed_ros2' returned '0': CMAKE_PREFIX_PATH=/simple_ws/install/zed_wrapper:/simple_ws/install/zed_components:/simple_ws/install/zed_ros2:/simple_ws/install/ros_tcp_endpoint:/simple_ws/install/middle_nodes:/opt/ros/humble /usr/bin/cmake --build /simple_ws/build/zed_ros2 -- -j32 -l32
[0.297s] Invoking command in '/simple_ws/build/zed_ros2': CMAKE_PREFIX_PATH=/simple_ws/install/zed_wrapper:/simple_ws/install/zed_components:/simple_ws/install/zed_ros2:/simple_ws/install/ros_tcp_endpoint:/simple_ws/install/middle_nodes:/opt/ros/humble /usr/bin/cmake --install /simple_ws/build/zed_ros2
[0.302s] -- Install configuration: ""
[0.302s] -- Execute custom install script
[0.303s] -- Symlinking: /simple_ws/install/zed_ros2/share/ament_index/resource_index/package_run_dependencies/zed_ros2
[0.309s] -- Symlinking: /simple_ws/install/zed_ros2/share/ament_index/resource_index/parent_prefix_path/zed_ros2
[0.314s] -- Symlinking: /simple_ws/install/zed_ros2/share/zed_ros2/environment/ament_prefix_path.sh
[0.321s] -- Symlinking: /simple_ws/install/zed_ros2/share/zed_ros2/environment/ament_prefix_path.dsv
[0.327s] -- Symlinking: /simple_ws/install/zed_ros2/share/zed_ros2/environment/path.sh
[0.333s] -- Symlinking: /simple_ws/install/zed_ros2/share/zed_ros2/environment/path.dsv
[0.339s] -- Symlinking: /simple_ws/install/zed_ros2/share/zed_ros2/local_setup.bash
[0.345s] -- Symlinking: /simple_ws/install/zed_ros2/share/zed_ros2/local_setup.sh
[0.351s] -- Symlinking: /simple_ws/install/zed_ros2/share/zed_ros2/local_setup.zsh
[0.357s] -- Symlinking: /simple_ws/install/zed_ros2/share/zed_ros2/local_setup.dsv
[0.363s] -- Symlinking: /simple_ws/install/zed_ros2/share/zed_ros2/package.dsv
[0.369s] -- Symlinking: /simple_ws/install/zed_ros2/share/ament_index/resource_index/packages/zed_ros2
[0.375s] -- Symlinking: /simple_ws/install/zed_ros2/share/zed_ros2/cmake/zed_ros2Config.cmake
[0.381s] -- Symlinking: /simple_ws/install/zed_ros2/share/zed_ros2/cmake/zed_ros2Config-version.cmake
[0.387s] -- Symlinking: /simple_ws/install/zed_ros2/share/zed_ros2/package.xml
[0.395s] Invoked command in '/simple_ws/build/zed_ros2' returned '0': CMAKE_PREFIX_PATH=/simple_ws/install/zed_wrapper:/simple_ws/install/zed_components:/simple_ws/install/zed_ros2:/simple_ws/install/ros_tcp_endpoint:/simple_ws/install/middle_nodes:/opt/ros/humble /usr/bin/cmake --install /simple_ws/build/zed_ros2
