[0.067s] DEBUG:colcon:Command line arguments: ['/usr/bin/colcon', 'build', '--symlink-install']
[0.067s] DEBUG:colcon:Parsed command line arguments: Namespace(log_base=None, log_level=None, verb_name='build', build_base='build', install_base='install', merge_install=False, symlink_install=True, test_result_base=None, continue_on_error=False, executor='parallel', parallel_workers=32, event_handlers=None, ignore_user_meta=False, metas=['./colcon.meta'], base_paths=['.'], packages_ignore=None, packages_ignore_regex=None, paths=None, packages_up_to=None, packages_up_to_regex=None, packages_above=None, packages_above_and_dependencies=None, packages_above_depth=None, packages_select_by_dep=None, packages_skip_by_dep=None, packages_skip_up_to=None, packages_select_build_failed=False, packages_skip_build_finished=False, packages_select_test_failures=False, packages_skip_test_passed=False, packages_select=None, packages_skip=None, packages_select_regex=None, packages_skip_regex=None, packages_start=None, packages_end=None, cmake_args=None, cmake_target=None, cmake_target_skip_unavailable=False, cmake_clean_cache=False, cmake_clean_first=False, cmake_force_configure=False, ament_cmake_args=None, catkin_cmake_args=None, catkin_skip_building_tests=False, mixin_files=None, mixin=None, verb_parser=<colcon_mixin.mixin.mixin_argument.MixinArgumentDecorator object at 0x75f9bdcaf160>, verb_extension=<colcon_core.verb.build.BuildVerb object at 0x75f9bdcaead0>, main=<bound method BuildVerb.main of <colcon_core.verb.build.BuildVerb object at 0x75f9bdcaead0>>, mixin_verb=('build',))
[0.150s] Level 1:colcon.colcon_core.package_discovery:discover_packages(colcon_meta) check parameters
[0.150s] Level 1:colcon.colcon_core.package_discovery:discover_packages(recursive) check parameters
[0.150s] Level 1:colcon.colcon_core.package_discovery:discover_packages(ignore) check parameters
[0.150s] Level 1:colcon.colcon_core.package_discovery:discover_packages(path) check parameters
[0.150s] Level 1:colcon.colcon_core.package_discovery:discover_packages(colcon_meta) discover
[0.150s] Level 1:colcon.colcon_core.package_discovery:discover_packages(recursive) discover
[0.150s] INFO:colcon.colcon_core.package_discovery:Crawling recursively for packages in '/simple_ws'
[0.150s] Level 1:colcon.colcon_core.package_identification:_identify(.) by extensions ['ignore', 'ignore_ament_install']
[0.150s] Level 1:colcon.colcon_core.package_identification:_identify(.) by extension 'ignore'
[0.151s] Level 1:colcon.colcon_core.package_identification:_identify(.) by extension 'ignore_ament_install'
[0.151s] Level 1:colcon.colcon_core.package_identification:_identify(.) by extensions ['colcon_pkg']
[0.151s] Level 1:colcon.colcon_core.package_identification:_identify(.) by extension 'colcon_pkg'
[0.151s] Level 1:colcon.colcon_core.package_identification:_identify(.) by extensions ['colcon_meta']
[0.151s] Level 1:colcon.colcon_core.package_identification:_identify(.) by extension 'colcon_meta'
[0.151s] Level 1:colcon.colcon_core.package_identification:_identify(.) by extensions ['ros']
[0.151s] Level 1:colcon.colcon_core.package_identification:_identify(.) by extension 'ros'
[0.158s] Level 1:colcon.colcon_core.package_identification:_identify(.) by extensions ['cmake', 'python']
[0.158s] Level 1:colcon.colcon_core.package_identification:_identify(.) by extension 'cmake'
[0.158s] Level 1:colcon.colcon_core.package_identification:_identify(.) by extension 'python'
[0.158s] Level 1:colcon.colcon_core.package_identification:_identify(.) by extensions ['python_setup_py']
[0.158s] Level 1:colcon.colcon_core.package_identification:_identify(.) by extension 'python_setup_py'
[0.158s] Level 1:colcon.colcon_core.package_identification:_identify(build) by extensions ['ignore', 'ignore_ament_install']
[0.158s] Level 1:colcon.colcon_core.package_identification:_identify(build) by extension 'ignore'
[0.158s] Level 1:colcon.colcon_core.package_identification:_identify(build) ignored
[0.158s] Level 1:colcon.colcon_core.package_identification:_identify(install) by extensions ['ignore', 'ignore_ament_install']
[0.158s] Level 1:colcon.colcon_core.package_identification:_identify(install) by extension 'ignore'
[0.158s] Level 1:colcon.colcon_core.package_identification:_identify(install) ignored
[0.158s] Level 1:colcon.colcon_core.package_identification:_identify(log) by extensions ['ignore', 'ignore_ament_install']
[0.158s] Level 1:colcon.colcon_core.package_identification:_identify(log) by extension 'ignore'
[0.158s] Level 1:colcon.colcon_core.package_identification:_identify(log) ignored
[0.158s] Level 1:colcon.colcon_core.package_identification:_identify(src) by extensions ['ignore', 'ignore_ament_install']
[0.158s] Level 1:colcon.colcon_core.package_identification:_identify(src) by extension 'ignore'
[0.158s] Level 1:colcon.colcon_core.package_identification:_identify(src) by extension 'ignore_ament_install'
[0.158s] Level 1:colcon.colcon_core.package_identification:_identify(src) by extensions ['colcon_pkg']
[0.158s] Level 1:colcon.colcon_core.package_identification:_identify(src) by extension 'colcon_pkg'
[0.158s] Level 1:colcon.colcon_core.package_identification:_identify(src) by extensions ['colcon_meta']
[0.158s] Level 1:colcon.colcon_core.package_identification:_identify(src) by extension 'colcon_meta'
[0.158s] Level 1:colcon.colcon_core.package_identification:_identify(src) by extensions ['ros']
[0.158s] Level 1:colcon.colcon_core.package_identification:_identify(src) by extension 'ros'
[0.158s] Level 1:colcon.colcon_core.package_identification:_identify(src) by extensions ['cmake', 'python']
[0.159s] Level 1:colcon.colcon_core.package_identification:_identify(src) by extension 'cmake'
[0.159s] Level 1:colcon.colcon_core.package_identification:_identify(src) by extension 'python'
[0.159s] Level 1:colcon.colcon_core.package_identification:_identify(src) by extensions ['python_setup_py']
[0.159s] Level 1:colcon.colcon_core.package_identification:_identify(src) by extension 'python_setup_py'
[0.159s] Level 1:colcon.colcon_core.package_identification:_identify(src/ROS-TCP-Endpoint) by extensions ['ignore', 'ignore_ament_install']
[0.159s] Level 1:colcon.colcon_core.package_identification:_identify(src/ROS-TCP-Endpoint) by extension 'ignore'
[0.159s] Level 1:colcon.colcon_core.package_identification:_identify(src/ROS-TCP-Endpoint) by extension 'ignore_ament_install'
[0.159s] Level 1:colcon.colcon_core.package_identification:_identify(src/ROS-TCP-Endpoint) by extensions ['colcon_pkg']
[0.159s] Level 1:colcon.colcon_core.package_identification:_identify(src/ROS-TCP-Endpoint) by extension 'colcon_pkg'
[0.159s] Level 1:colcon.colcon_core.package_identification:_identify(src/ROS-TCP-Endpoint) by extensions ['colcon_meta']
[0.159s] Level 1:colcon.colcon_core.package_identification:_identify(src/ROS-TCP-Endpoint) by extension 'colcon_meta'
[0.159s] Level 1:colcon.colcon_core.package_identification:_identify(src/ROS-TCP-Endpoint) by extensions ['ros']
[0.159s] Level 1:colcon.colcon_core.package_identification:_identify(src/ROS-TCP-Endpoint) by extension 'ros'
[0.160s] DEBUG:colcon.colcon_core.package_identification:Package 'src/ROS-TCP-Endpoint' with type 'ros.ament_python' and name 'ros_tcp_endpoint'
[0.160s] Level 1:colcon.colcon_core.package_identification:_identify(src/middle_nodes) by extensions ['ignore', 'ignore_ament_install']
[0.160s] Level 1:colcon.colcon_core.package_identification:_identify(src/middle_nodes) by extension 'ignore'
[0.160s] Level 1:colcon.colcon_core.package_identification:_identify(src/middle_nodes) by extension 'ignore_ament_install'
[0.160s] Level 1:colcon.colcon_core.package_identification:_identify(src/middle_nodes) by extensions ['colcon_pkg']
[0.161s] Level 1:colcon.colcon_core.package_identification:_identify(src/middle_nodes) by extension 'colcon_pkg'
[0.161s] Level 1:colcon.colcon_core.package_identification:_identify(src/middle_nodes) by extensions ['colcon_meta']
[0.161s] Level 1:colcon.colcon_core.package_identification:_identify(src/middle_nodes) by extension 'colcon_meta'
[0.161s] Level 1:colcon.colcon_core.package_identification:_identify(src/middle_nodes) by extensions ['ros']
[0.161s] Level 1:colcon.colcon_core.package_identification:_identify(src/middle_nodes) by extension 'ros'
[0.161s] DEBUG:colcon.colcon_core.package_identification:Package 'src/middle_nodes' with type 'ros.ament_python' and name 'middle_nodes'
[0.161s] Level 1:colcon.colcon_core.package_identification:_identify(src/zed_components) by extensions ['ignore', 'ignore_ament_install']
[0.161s] Level 1:colcon.colcon_core.package_identification:_identify(src/zed_components) by extension 'ignore'
[0.161s] Level 1:colcon.colcon_core.package_identification:_identify(src/zed_components) by extension 'ignore_ament_install'
[0.161s] Level 1:colcon.colcon_core.package_identification:_identify(src/zed_components) by extensions ['colcon_pkg']
[0.161s] Level 1:colcon.colcon_core.package_identification:_identify(src/zed_components) by extension 'colcon_pkg'
[0.161s] Level 1:colcon.colcon_core.package_identification:_identify(src/zed_components) by extensions ['colcon_meta']
[0.161s] Level 1:colcon.colcon_core.package_identification:_identify(src/zed_components) by extension 'colcon_meta'
[0.161s] Level 1:colcon.colcon_core.package_identification:_identify(src/zed_components) by extensions ['ros']
[0.161s] Level 1:colcon.colcon_core.package_identification:_identify(src/zed_components) by extension 'ros'
[0.162s] DEBUG:colcon.colcon_core.package_identification:Package 'src/zed_components' with type 'ros.ament_cmake' and name 'zed_components'
[0.162s] Level 1:colcon.colcon_core.package_identification:_identify(src/zed_ros2) by extensions ['ignore', 'ignore_ament_install']
[0.162s] Level 1:colcon.colcon_core.package_identification:_identify(src/zed_ros2) by extension 'ignore'
[0.162s] Level 1:colcon.colcon_core.package_identification:_identify(src/zed_ros2) by extension 'ignore_ament_install'
[0.162s] Level 1:colcon.colcon_core.package_identification:_identify(src/zed_ros2) by extensions ['colcon_pkg']
[0.162s] Level 1:colcon.colcon_core.package_identification:_identify(src/zed_ros2) by extension 'colcon_pkg'
[0.162s] Level 1:colcon.colcon_core.package_identification:_identify(src/zed_ros2) by extensions ['colcon_meta']
[0.162s] Level 1:colcon.colcon_core.package_identification:_identify(src/zed_ros2) by extension 'colcon_meta'
[0.162s] Level 1:colcon.colcon_core.package_identification:_identify(src/zed_ros2) by extensions ['ros']
[0.162s] Level 1:colcon.colcon_core.package_identification:_identify(src/zed_ros2) by extension 'ros'
[0.163s] DEBUG:colcon.colcon_core.package_identification:Package 'src/zed_ros2' with type 'ros.ament_cmake' and name 'zed_ros2'
[0.163s] Level 1:colcon.colcon_core.package_identification:_identify(src/zed_wrapper) by extensions ['ignore', 'ignore_ament_install']
[0.163s] Level 1:colcon.colcon_core.package_identification:_identify(src/zed_wrapper) by extension 'ignore'
[0.163s] Level 1:colcon.colcon_core.package_identification:_identify(src/zed_wrapper) by extension 'ignore_ament_install'
[0.163s] Level 1:colcon.colcon_core.package_identification:_identify(src/zed_wrapper) by extensions ['colcon_pkg']
[0.163s] Level 1:colcon.colcon_core.package_identification:_identify(src/zed_wrapper) by extension 'colcon_pkg'
[0.163s] Level 1:colcon.colcon_core.package_identification:_identify(src/zed_wrapper) by extensions ['colcon_meta']
[0.163s] Level 1:colcon.colcon_core.package_identification:_identify(src/zed_wrapper) by extension 'colcon_meta'
[0.163s] Level 1:colcon.colcon_core.package_identification:_identify(src/zed_wrapper) by extensions ['ros']
[0.163s] Level 1:colcon.colcon_core.package_identification:_identify(src/zed_wrapper) by extension 'ros'
[0.164s] DEBUG:colcon.colcon_core.package_identification:Package 'src/zed_wrapper' with type 'ros.ament_cmake' and name 'zed_wrapper'
[0.164s] Level 1:colcon.colcon_core.package_discovery:discover_packages(recursive) using defaults
[0.164s] Level 1:colcon.colcon_core.package_discovery:discover_packages(ignore) discover
[0.164s] Level 1:colcon.colcon_core.package_discovery:discover_packages(ignore) using defaults
[0.164s] Level 1:colcon.colcon_core.package_discovery:discover_packages(path) discover
[0.164s] Level 1:colcon.colcon_core.package_discovery:discover_packages(path) using defaults
[0.178s] Level 5:colcon.colcon_core.verb:set package 'middle_nodes' build argument 'cmake_args' from command line to 'None'
[0.178s] Level 5:colcon.colcon_core.verb:set package 'middle_nodes' build argument 'cmake_target' from command line to 'None'
[0.178s] Level 5:colcon.colcon_core.verb:set package 'middle_nodes' build argument 'cmake_target_skip_unavailable' from command line to 'False'
[0.178s] Level 5:colcon.colcon_core.verb:set package 'middle_nodes' build argument 'cmake_clean_cache' from command line to 'False'
[0.178s] Level 5:colcon.colcon_core.verb:set package 'middle_nodes' build argument 'cmake_clean_first' from command line to 'False'
[0.178s] Level 5:colcon.colcon_core.verb:set package 'middle_nodes' build argument 'cmake_force_configure' from command line to 'False'
[0.178s] Level 5:colcon.colcon_core.verb:set package 'middle_nodes' build argument 'ament_cmake_args' from command line to 'None'
[0.178s] Level 5:colcon.colcon_core.verb:set package 'middle_nodes' build argument 'catkin_cmake_args' from command line to 'None'
[0.178s] Level 5:colcon.colcon_core.verb:set package 'middle_nodes' build argument 'catkin_skip_building_tests' from command line to 'False'
[0.178s] DEBUG:colcon.colcon_core.verb:Building package 'middle_nodes' with the following arguments: {'ament_cmake_args': None, 'build_base': '/simple_ws/build/middle_nodes', 'catkin_cmake_args': None, 'catkin_skip_building_tests': False, 'cmake_args': None, 'cmake_clean_cache': False, 'cmake_clean_first': False, 'cmake_force_configure': False, 'cmake_target': None, 'cmake_target_skip_unavailable': False, 'install_base': '/simple_ws/install/middle_nodes', 'merge_install': False, 'path': '/simple_ws/src/middle_nodes', 'symlink_install': True, 'test_result_base': None}
[0.178s] Level 5:colcon.colcon_core.verb:set package 'ros_tcp_endpoint' build argument 'cmake_args' from command line to 'None'
[0.178s] Level 5:colcon.colcon_core.verb:set package 'ros_tcp_endpoint' build argument 'cmake_target' from command line to 'None'
[0.178s] Level 5:colcon.colcon_core.verb:set package 'ros_tcp_endpoint' build argument 'cmake_target_skip_unavailable' from command line to 'False'
[0.178s] Level 5:colcon.colcon_core.verb:set package 'ros_tcp_endpoint' build argument 'cmake_clean_cache' from command line to 'False'
[0.178s] Level 5:colcon.colcon_core.verb:set package 'ros_tcp_endpoint' build argument 'cmake_clean_first' from command line to 'False'
[0.178s] Level 5:colcon.colcon_core.verb:set package 'ros_tcp_endpoint' build argument 'cmake_force_configure' from command line to 'False'
[0.178s] Level 5:colcon.colcon_core.verb:set package 'ros_tcp_endpoint' build argument 'ament_cmake_args' from command line to 'None'
[0.178s] Level 5:colcon.colcon_core.verb:set package 'ros_tcp_endpoint' build argument 'catkin_cmake_args' from command line to 'None'
[0.178s] Level 5:colcon.colcon_core.verb:set package 'ros_tcp_endpoint' build argument 'catkin_skip_building_tests' from command line to 'False'
[0.178s] DEBUG:colcon.colcon_core.verb:Building package 'ros_tcp_endpoint' with the following arguments: {'ament_cmake_args': None, 'build_base': '/simple_ws/build/ros_tcp_endpoint', 'catkin_cmake_args': None, 'catkin_skip_building_tests': False, 'cmake_args': None, 'cmake_clean_cache': False, 'cmake_clean_first': False, 'cmake_force_configure': False, 'cmake_target': None, 'cmake_target_skip_unavailable': False, 'install_base': '/simple_ws/install/ros_tcp_endpoint', 'merge_install': False, 'path': '/simple_ws/src/ROS-TCP-Endpoint', 'symlink_install': True, 'test_result_base': None}
[0.179s] Level 5:colcon.colcon_core.verb:set package 'zed_components' build argument 'cmake_args' from command line to 'None'
[0.179s] Level 5:colcon.colcon_core.verb:set package 'zed_components' build argument 'cmake_target' from command line to 'None'
[0.179s] Level 5:colcon.colcon_core.verb:set package 'zed_components' build argument 'cmake_target_skip_unavailable' from command line to 'False'
[0.179s] Level 5:colcon.colcon_core.verb:set package 'zed_components' build argument 'cmake_clean_cache' from command line to 'False'
[0.179s] Level 5:colcon.colcon_core.verb:set package 'zed_components' build argument 'cmake_clean_first' from command line to 'False'
[0.179s] Level 5:colcon.colcon_core.verb:set package 'zed_components' build argument 'cmake_force_configure' from command line to 'False'
[0.179s] Level 5:colcon.colcon_core.verb:set package 'zed_components' build argument 'ament_cmake_args' from command line to 'None'
[0.179s] Level 5:colcon.colcon_core.verb:set package 'zed_components' build argument 'catkin_cmake_args' from command line to 'None'
[0.179s] Level 5:colcon.colcon_core.verb:set package 'zed_components' build argument 'catkin_skip_building_tests' from command line to 'False'
[0.179s] DEBUG:colcon.colcon_core.verb:Building package 'zed_components' with the following arguments: {'ament_cmake_args': None, 'build_base': '/simple_ws/build/zed_components', 'catkin_cmake_args': None, 'catkin_skip_building_tests': False, 'cmake_args': None, 'cmake_clean_cache': False, 'cmake_clean_first': False, 'cmake_force_configure': False, 'cmake_target': None, 'cmake_target_skip_unavailable': False, 'install_base': '/simple_ws/install/zed_components', 'merge_install': False, 'path': '/simple_ws/src/zed_components', 'symlink_install': True, 'test_result_base': None}
[0.179s] Level 5:colcon.colcon_core.verb:set package 'zed_wrapper' build argument 'cmake_args' from command line to 'None'
[0.179s] Level 5:colcon.colcon_core.verb:set package 'zed_wrapper' build argument 'cmake_target' from command line to 'None'
[0.179s] Level 5:colcon.colcon_core.verb:set package 'zed_wrapper' build argument 'cmake_target_skip_unavailable' from command line to 'False'
[0.179s] Level 5:colcon.colcon_core.verb:set package 'zed_wrapper' build argument 'cmake_clean_cache' from command line to 'False'
[0.179s] Level 5:colcon.colcon_core.verb:set package 'zed_wrapper' build argument 'cmake_clean_first' from command line to 'False'
[0.179s] Level 5:colcon.colcon_core.verb:set package 'zed_wrapper' build argument 'cmake_force_configure' from command line to 'False'
[0.179s] Level 5:colcon.colcon_core.verb:set package 'zed_wrapper' build argument 'ament_cmake_args' from command line to 'None'
[0.179s] Level 5:colcon.colcon_core.verb:set package 'zed_wrapper' build argument 'catkin_cmake_args' from command line to 'None'
[0.179s] Level 5:colcon.colcon_core.verb:set package 'zed_wrapper' build argument 'catkin_skip_building_tests' from command line to 'False'
[0.179s] DEBUG:colcon.colcon_core.verb:Building package 'zed_wrapper' with the following arguments: {'ament_cmake_args': None, 'build_base': '/simple_ws/build/zed_wrapper', 'catkin_cmake_args': None, 'catkin_skip_building_tests': False, 'cmake_args': None, 'cmake_clean_cache': False, 'cmake_clean_first': False, 'cmake_force_configure': False, 'cmake_target': None, 'cmake_target_skip_unavailable': False, 'install_base': '/simple_ws/install/zed_wrapper', 'merge_install': False, 'path': '/simple_ws/src/zed_wrapper', 'symlink_install': True, 'test_result_base': None}
[0.179s] Level 5:colcon.colcon_core.verb:set package 'zed_ros2' build argument 'cmake_args' from command line to 'None'
[0.179s] Level 5:colcon.colcon_core.verb:set package 'zed_ros2' build argument 'cmake_target' from command line to 'None'
[0.179s] Level 5:colcon.colcon_core.verb:set package 'zed_ros2' build argument 'cmake_target_skip_unavailable' from command line to 'False'
[0.179s] Level 5:colcon.colcon_core.verb:set package 'zed_ros2' build argument 'cmake_clean_cache' from command line to 'False'
[0.179s] Level 5:colcon.colcon_core.verb:set package 'zed_ros2' build argument 'cmake_clean_first' from command line to 'False'
[0.179s] Level 5:colcon.colcon_core.verb:set package 'zed_ros2' build argument 'cmake_force_configure' from command line to 'False'
[0.179s] Level 5:colcon.colcon_core.verb:set package 'zed_ros2' build argument 'ament_cmake_args' from command line to 'None'
[0.179s] Level 5:colcon.colcon_core.verb:set package 'zed_ros2' build argument 'catkin_cmake_args' from command line to 'None'
[0.179s] Level 5:colcon.colcon_core.verb:set package 'zed_ros2' build argument 'catkin_skip_building_tests' from command line to 'False'
[0.179s] DEBUG:colcon.colcon_core.verb:Building package 'zed_ros2' with the following arguments: {'ament_cmake_args': None, 'build_base': '/simple_ws/build/zed_ros2', 'catkin_cmake_args': None, 'catkin_skip_building_tests': False, 'cmake_args': None, 'cmake_clean_cache': False, 'cmake_clean_first': False, 'cmake_force_configure': False, 'cmake_target': None, 'cmake_target_skip_unavailable': False, 'install_base': '/simple_ws/install/zed_ros2', 'merge_install': False, 'path': '/simple_ws/src/zed_ros2', 'symlink_install': True, 'test_result_base': None}
[0.179s] INFO:colcon.colcon_core.executor:Executing jobs using 'parallel' executor
[0.180s] DEBUG:colcon.colcon_parallel_executor.executor.parallel:run_until_complete
[0.180s] INFO:colcon.colcon_ros.task.ament_cmake.build:Building ROS package in '/simple_ws/src/zed_components' with build type 'ament_cmake'
[0.180s] INFO:colcon.colcon_cmake.task.cmake.build:Building CMake package in '/simple_ws/src/zed_components'
[0.182s] INFO:colcon.colcon_core.plugin_system:Skipping extension 'colcon_core.shell.bat': Not used on non-Windows systems
[0.182s] INFO:colcon.colcon_core.shell:Skip shell extension 'powershell' for command environment: Not usable outside of PowerShell
[0.182s] DEBUG:colcon.colcon_core.shell:Skip shell extension 'dsv' for command environment
[0.183s] WARNING:colcon.colcon_ros.prefix_path.ament:The path '/simple_ws/install/zed_ros2' in the environment variable AMENT_PREFIX_PATH doesn't exist
[0.183s] WARNING:colcon.colcon_ros.prefix_path.ament:The path '/simple_ws/install/zed_wrapper' in the environment variable AMENT_PREFIX_PATH doesn't exist
[0.183s] WARNING:colcon.colcon_ros.prefix_path.ament:The path '/simple_ws/install/zed_components' in the environment variable AMENT_PREFIX_PATH doesn't exist
[0.183s] WARNING:colcon.colcon_ros.prefix_path.ament:The path '/simple_ws/install/ros_tcp_endpoint' in the environment variable AMENT_PREFIX_PATH doesn't exist
[0.183s] WARNING:colcon.colcon_ros.prefix_path.ament:The path '/simple_ws/install/middle_nodes' in the environment variable AMENT_PREFIX_PATH doesn't exist
[0.183s] WARNING:colcon.colcon_ros.prefix_path.catkin:The path '/simple_ws/install/zed_ros2' in the environment variable CMAKE_PREFIX_PATH doesn't exist
[0.183s] WARNING:colcon.colcon_ros.prefix_path.catkin:The path '/simple_ws/install/zed_wrapper' in the environment variable CMAKE_PREFIX_PATH doesn't exist
[0.183s] WARNING:colcon.colcon_ros.prefix_path.catkin:The path '/simple_ws/install/zed_components' in the environment variable CMAKE_PREFIX_PATH doesn't exist
[0.186s] INFO:colcon.colcon_ros.task.ament_python.build:Building ROS package in '/simple_ws/src/middle_nodes' with build type 'ament_python'
[0.186s] Level 1:colcon.colcon_core.shell:create_environment_hook('middle_nodes', 'ament_prefix_path')
[0.186s] INFO:colcon.colcon_core.shell:Creating environment hook '/simple_ws/install/middle_nodes/share/middle_nodes/hook/ament_prefix_path.ps1'
[0.186s] INFO:colcon.colcon_core.shell:Creating environment descriptor '/simple_ws/install/middle_nodes/share/middle_nodes/hook/ament_prefix_path.dsv'
[0.186s] INFO:colcon.colcon_core.shell:Creating environment hook '/simple_ws/install/middle_nodes/share/middle_nodes/hook/ament_prefix_path.sh'
[0.187s] INFO:colcon.colcon_core.shell:Skip shell extension 'powershell' for command environment: Not usable outside of PowerShell
[0.187s] DEBUG:colcon.colcon_core.shell:Skip shell extension 'dsv' for command environment
[0.189s] INFO:colcon.colcon_ros.task.ament_python.build:Building ROS package in '/simple_ws/src/ROS-TCP-Endpoint' with build type 'ament_python'
[0.189s] Level 1:colcon.colcon_core.shell:create_environment_hook('ros_tcp_endpoint', 'ament_prefix_path')
[0.189s] INFO:colcon.colcon_core.shell:Creating environment hook '/simple_ws/install/ros_tcp_endpoint/share/ros_tcp_endpoint/hook/ament_prefix_path.ps1'
[0.189s] INFO:colcon.colcon_core.shell:Creating environment descriptor '/simple_ws/install/ros_tcp_endpoint/share/ros_tcp_endpoint/hook/ament_prefix_path.dsv'
[0.190s] INFO:colcon.colcon_core.shell:Creating environment hook '/simple_ws/install/ros_tcp_endpoint/share/ros_tcp_endpoint/hook/ament_prefix_path.sh'
[0.190s] INFO:colcon.colcon_core.shell:Skip shell extension 'powershell' for command environment: Not usable outside of PowerShell
[0.190s] DEBUG:colcon.colcon_core.shell:Skip shell extension 'dsv' for command environment
[0.195s] DEBUG:colcon.colcon_core.event_handler.log_command:Invoking command in '/simple_ws/build/zed_components': CMAKE_PREFIX_PATH=${CMAKE_PREFIX_PATH}:/simple_ws/install/ros_tcp_endpoint:/simple_ws/install/middle_nodes:/opt/ros/humble /usr/bin/cmake /simple_ws/src/zed_components -DAMENT_CMAKE_SYMLINK_INSTALL=1 -DCMAKE_INSTALL_PREFIX=/simple_ws/install/zed_components
[0.331s] INFO:colcon.colcon_core.task.python.build:Building Python package in '/simple_ws/src/middle_nodes'
[0.331s] INFO:colcon.colcon_core.shell:Skip shell extension 'powershell' for command environment: Not usable outside of PowerShell
[0.331s] DEBUG:colcon.colcon_core.shell:Skip shell extension 'dsv' for command environment
[0.471s] INFO:colcon.colcon_core.task.python.build:Building Python package in '/simple_ws/src/ROS-TCP-Endpoint'
[0.471s] INFO:colcon.colcon_core.shell:Skip shell extension 'powershell' for command environment: Not usable outside of PowerShell
[0.471s] DEBUG:colcon.colcon_core.shell:Skip shell extension 'dsv' for command environment
[0.687s] DEBUG:colcon.colcon_core.event_handler.log_command:Invoking command in '/simple_ws/build/ros_tcp_endpoint': PYTHONPATH=/simple_ws/build/ros_tcp_endpoint/prefix_override:/usr/lib/python3/dist-packages/colcon_core/task/python/colcon_distutils_commands:/simple_ws/install/ros_tcp_endpoint/lib/python3.10/site-packages:${PYTHONPATH} /usr/bin/python3 -W ignore:setup.py install is deprecated -W ignore:easy_install command is deprecated setup.py develop --editable --build-directory /simple_ws/build/ros_tcp_endpoint/build --no-deps symlink_data
[0.693s] DEBUG:colcon.colcon_core.event_handler.log_command:Invoking command in '/simple_ws/build/middle_nodes': PYTHONPATH=/simple_ws/build/middle_nodes/prefix_override:/usr/lib/python3/dist-packages/colcon_core/task/python/colcon_distutils_commands:/simple_ws/install/middle_nodes/lib/python3.10/site-packages:${PYTHONPATH} /usr/bin/python3 -W ignore:setup.py install is deprecated -W ignore:easy_install command is deprecated setup.py develop --editable --build-directory /simple_ws/build/middle_nodes/build --no-deps symlink_data
[0.944s] Level 1:colcon.colcon_core.shell:create_environment_hook('ros_tcp_endpoint', 'pythonpath_develop')
[0.945s] INFO:colcon.colcon_core.shell:Creating environment hook '/simple_ws/build/ros_tcp_endpoint/share/ros_tcp_endpoint/hook/pythonpath_develop.ps1'
[0.945s] DEBUG:colcon.colcon_core.event_handler.log_command:Invoked command in '/simple_ws/build/ros_tcp_endpoint' returned '0': PYTHONPATH=/simple_ws/build/ros_tcp_endpoint/prefix_override:/usr/lib/python3/dist-packages/colcon_core/task/python/colcon_distutils_commands:/simple_ws/install/ros_tcp_endpoint/lib/python3.10/site-packages:${PYTHONPATH} /usr/bin/python3 -W ignore:setup.py install is deprecated -W ignore:easy_install command is deprecated setup.py develop --editable --build-directory /simple_ws/build/ros_tcp_endpoint/build --no-deps symlink_data
[0.945s] INFO:colcon.colcon_core.shell:Creating environment descriptor '/simple_ws/build/ros_tcp_endpoint/share/ros_tcp_endpoint/hook/pythonpath_develop.dsv'
[0.945s] INFO:colcon.colcon_core.shell:Creating environment hook '/simple_ws/build/ros_tcp_endpoint/share/ros_tcp_endpoint/hook/pythonpath_develop.sh'
[0.947s] Level 1:colcon.colcon_core.environment:checking '/simple_ws/install/ros_tcp_endpoint' for CMake module files
[0.947s] Level 1:colcon.colcon_core.environment:checking '/simple_ws/install/ros_tcp_endpoint' for CMake config files
[0.948s] Level 1:colcon.colcon_core.environment:checking '/simple_ws/install/ros_tcp_endpoint/lib'
[0.948s] Level 1:colcon.colcon_core.environment:checking '/simple_ws/install/ros_tcp_endpoint/bin'
[0.948s] Level 1:colcon.colcon_core.environment:checking '/simple_ws/install/ros_tcp_endpoint/lib/pkgconfig/ros_tcp_endpoint.pc'
[0.948s] Level 1:colcon.colcon_core.environment:checking '/simple_ws/install/ros_tcp_endpoint/lib/python3.10/site-packages'
[0.948s] Level 1:colcon.colcon_core.shell:create_environment_hook('ros_tcp_endpoint', 'pythonpath')
[0.948s] INFO:colcon.colcon_core.shell:Creating environment hook '/simple_ws/install/ros_tcp_endpoint/share/ros_tcp_endpoint/hook/pythonpath.ps1'
[0.949s] INFO:colcon.colcon_core.shell:Creating environment descriptor '/simple_ws/install/ros_tcp_endpoint/share/ros_tcp_endpoint/hook/pythonpath.dsv'
[0.949s] INFO:colcon.colcon_core.shell:Creating environment hook '/simple_ws/install/ros_tcp_endpoint/share/ros_tcp_endpoint/hook/pythonpath.sh'
[0.949s] Level 1:colcon.colcon_core.environment:checking '/simple_ws/install/ros_tcp_endpoint/bin'
[0.949s] Level 1:colcon.colcon_core.environment:create_environment_scripts_only(ros_tcp_endpoint)
[0.949s] INFO:colcon.colcon_core.shell:Creating package script '/simple_ws/install/ros_tcp_endpoint/share/ros_tcp_endpoint/package.ps1'
[0.950s] INFO:colcon.colcon_core.shell:Creating package descriptor '/simple_ws/install/ros_tcp_endpoint/share/ros_tcp_endpoint/package.dsv'
[0.950s] INFO:colcon.colcon_core.shell:Creating package script '/simple_ws/install/ros_tcp_endpoint/share/ros_tcp_endpoint/package.sh'
[0.951s] INFO:colcon.colcon_core.shell:Creating package script '/simple_ws/install/ros_tcp_endpoint/share/ros_tcp_endpoint/package.bash'
[0.951s] INFO:colcon.colcon_core.shell:Creating package script '/simple_ws/install/ros_tcp_endpoint/share/ros_tcp_endpoint/package.zsh'
[0.952s] Level 1:colcon.colcon_core.environment:create_file_with_runtime_dependencies(/simple_ws/install/ros_tcp_endpoint/share/colcon-core/packages/ros_tcp_endpoint)
[0.952s] Level 1:colcon.colcon_core.shell:create_environment_hook('middle_nodes', 'pythonpath_develop')
[0.952s] INFO:colcon.colcon_core.shell:Creating environment hook '/simple_ws/build/middle_nodes/share/middle_nodes/hook/pythonpath_develop.ps1'
[0.953s] DEBUG:colcon.colcon_core.event_handler.log_command:Invoked command in '/simple_ws/build/middle_nodes' returned '0': PYTHONPATH=/simple_ws/build/middle_nodes/prefix_override:/usr/lib/python3/dist-packages/colcon_core/task/python/colcon_distutils_commands:/simple_ws/install/middle_nodes/lib/python3.10/site-packages:${PYTHONPATH} /usr/bin/python3 -W ignore:setup.py install is deprecated -W ignore:easy_install command is deprecated setup.py develop --editable --build-directory /simple_ws/build/middle_nodes/build --no-deps symlink_data
[0.953s] INFO:colcon.colcon_core.shell:Creating environment descriptor '/simple_ws/build/middle_nodes/share/middle_nodes/hook/pythonpath_develop.dsv'
[0.953s] INFO:colcon.colcon_core.shell:Creating environment hook '/simple_ws/build/middle_nodes/share/middle_nodes/hook/pythonpath_develop.sh'
[0.954s] Level 1:colcon.colcon_core.environment:checking '/simple_ws/install/middle_nodes' for CMake module files
[0.954s] Level 1:colcon.colcon_core.environment:checking '/simple_ws/install/middle_nodes' for CMake config files
[0.954s] Level 1:colcon.colcon_core.environment:checking '/simple_ws/install/middle_nodes/lib'
[0.954s] Level 1:colcon.colcon_core.environment:checking '/simple_ws/install/middle_nodes/bin'
[0.954s] Level 1:colcon.colcon_core.environment:checking '/simple_ws/install/middle_nodes/lib/pkgconfig/middle_nodes.pc'
[0.954s] Level 1:colcon.colcon_core.environment:checking '/simple_ws/install/middle_nodes/lib/python3.10/site-packages'
[0.954s] Level 1:colcon.colcon_core.shell:create_environment_hook('middle_nodes', 'pythonpath')
[0.954s] INFO:colcon.colcon_core.shell:Creating environment hook '/simple_ws/install/middle_nodes/share/middle_nodes/hook/pythonpath.ps1'
[0.955s] INFO:colcon.colcon_core.shell:Creating environment descriptor '/simple_ws/install/middle_nodes/share/middle_nodes/hook/pythonpath.dsv'
[0.955s] INFO:colcon.colcon_core.shell:Creating environment hook '/simple_ws/install/middle_nodes/share/middle_nodes/hook/pythonpath.sh'
[0.955s] Level 1:colcon.colcon_core.environment:checking '/simple_ws/install/middle_nodes/bin'
[0.955s] Level 1:colcon.colcon_core.environment:create_environment_scripts_only(middle_nodes)
[0.955s] INFO:colcon.colcon_core.shell:Creating package script '/simple_ws/install/middle_nodes/share/middle_nodes/package.ps1'
[0.956s] INFO:colcon.colcon_core.shell:Creating package descriptor '/simple_ws/install/middle_nodes/share/middle_nodes/package.dsv'
[0.956s] INFO:colcon.colcon_core.shell:Creating package script '/simple_ws/install/middle_nodes/share/middle_nodes/package.sh'
[0.956s] INFO:colcon.colcon_core.shell:Creating package script '/simple_ws/install/middle_nodes/share/middle_nodes/package.bash'
[0.956s] INFO:colcon.colcon_core.shell:Creating package script '/simple_ws/install/middle_nodes/share/middle_nodes/package.zsh'
[0.957s] Level 1:colcon.colcon_core.environment:create_file_with_runtime_dependencies(/simple_ws/install/middle_nodes/share/colcon-core/packages/middle_nodes)
[1.540s] DEBUG:colcon.colcon_core.event_handler.log_command:Invoked command in '/simple_ws/build/zed_components' returned '0': CMAKE_PREFIX_PATH=${CMAKE_PREFIX_PATH}:/simple_ws/install/ros_tcp_endpoint:/simple_ws/install/middle_nodes:/opt/ros/humble /usr/bin/cmake /simple_ws/src/zed_components -DAMENT_CMAKE_SYMLINK_INSTALL=1 -DCMAKE_INSTALL_PREFIX=/simple_ws/install/zed_components
[1.541s] DEBUG:colcon.colcon_core.event_handler.log_command:Invoking command in '/simple_ws/build/zed_components': CMAKE_PREFIX_PATH=${CMAKE_PREFIX_PATH}:/simple_ws/install/ros_tcp_endpoint:/simple_ws/install/middle_nodes:/opt/ros/humble /usr/bin/cmake --build /simple_ws/build/zed_components -- -j32 -l32
[41.538s] DEBUG:colcon.colcon_core.event_handler.log_command:Invoked command in '/simple_ws/build/zed_components' returned '0': CMAKE_PREFIX_PATH=${CMAKE_PREFIX_PATH}:/simple_ws/install/ros_tcp_endpoint:/simple_ws/install/middle_nodes:/opt/ros/humble /usr/bin/cmake --build /simple_ws/build/zed_components -- -j32 -l32
[41.545s] DEBUG:colcon.colcon_core.event_handler.log_command:Invoking command in '/simple_ws/build/zed_components': CMAKE_PREFIX_PATH=${CMAKE_PREFIX_PATH}:/simple_ws/install/ros_tcp_endpoint:/simple_ws/install/middle_nodes:/opt/ros/humble /usr/bin/cmake --install /simple_ws/build/zed_components
[41.749s] Level 1:colcon.colcon_core.environment:create_environment_scripts_only(zed_components)
[41.749s] DEBUG:colcon.colcon_core.event_handler.log_command:Invoked command in '/simple_ws/build/zed_components' returned '0': CMAKE_PREFIX_PATH=${CMAKE_PREFIX_PATH}:/simple_ws/install/ros_tcp_endpoint:/simple_ws/install/middle_nodes:/opt/ros/humble /usr/bin/cmake --install /simple_ws/build/zed_components
[41.749s] Level 1:colcon.colcon_core.environment:checking '/simple_ws/install/zed_components' for CMake module files
[41.750s] Level 1:colcon.colcon_core.environment:checking '/simple_ws/install/zed_components' for CMake config files
[41.750s] Level 1:colcon.colcon_core.shell:create_environment_hook('zed_components', 'cmake_prefix_path')
[41.750s] INFO:colcon.colcon_core.shell:Creating environment hook '/simple_ws/install/zed_components/share/zed_components/hook/cmake_prefix_path.ps1'
[41.751s] INFO:colcon.colcon_core.shell:Creating environment descriptor '/simple_ws/install/zed_components/share/zed_components/hook/cmake_prefix_path.dsv'
[41.751s] INFO:colcon.colcon_core.shell:Creating environment hook '/simple_ws/install/zed_components/share/zed_components/hook/cmake_prefix_path.sh'
[41.752s] Level 1:colcon.colcon_core.environment:checking '/simple_ws/install/zed_components/lib'
[41.752s] Level 1:colcon.colcon_core.shell:create_environment_hook('zed_components', 'ld_library_path_lib')
[41.752s] INFO:colcon.colcon_core.shell:Creating environment hook '/simple_ws/install/zed_components/share/zed_components/hook/ld_library_path_lib.ps1'
[41.752s] INFO:colcon.colcon_core.shell:Creating environment descriptor '/simple_ws/install/zed_components/share/zed_components/hook/ld_library_path_lib.dsv'
[41.753s] INFO:colcon.colcon_core.shell:Creating environment hook '/simple_ws/install/zed_components/share/zed_components/hook/ld_library_path_lib.sh'
[41.753s] Level 1:colcon.colcon_core.environment:checking '/simple_ws/install/zed_components/bin'
[41.753s] Level 1:colcon.colcon_core.environment:checking '/simple_ws/install/zed_components/lib/pkgconfig/zed_components.pc'
[41.753s] Level 1:colcon.colcon_core.environment:checking '/simple_ws/install/zed_components/lib/python3.10/site-packages'
[41.753s] Level 1:colcon.colcon_core.environment:checking '/simple_ws/install/zed_components/bin'
[41.754s] INFO:colcon.colcon_core.shell:Creating package script '/simple_ws/install/zed_components/share/zed_components/package.ps1'
[41.754s] INFO:colcon.colcon_core.shell:Creating package descriptor '/simple_ws/install/zed_components/share/zed_components/package.dsv'
[41.755s] INFO:colcon.colcon_core.shell:Creating package script '/simple_ws/install/zed_components/share/zed_components/package.sh'
[41.755s] INFO:colcon.colcon_core.shell:Creating package script '/simple_ws/install/zed_components/share/zed_components/package.bash'
[41.755s] INFO:colcon.colcon_core.shell:Creating package script '/simple_ws/install/zed_components/share/zed_components/package.zsh'
[41.756s] Level 1:colcon.colcon_core.environment:create_file_with_runtime_dependencies(/simple_ws/install/zed_components/share/colcon-core/packages/zed_components)
[41.756s] Level 1:colcon.colcon_core.environment:create_environment_scripts_only(zed_components)
[41.756s] Level 1:colcon.colcon_core.environment:checking '/simple_ws/install/zed_components' for CMake module files
[41.757s] Level 1:colcon.colcon_core.environment:checking '/simple_ws/install/zed_components' for CMake config files
[41.757s] Level 1:colcon.colcon_core.shell:create_environment_hook('zed_components', 'cmake_prefix_path')
[41.757s] INFO:colcon.colcon_core.shell:Creating environment hook '/simple_ws/install/zed_components/share/zed_components/hook/cmake_prefix_path.ps1'
[41.758s] INFO:colcon.colcon_core.shell:Creating environment descriptor '/simple_ws/install/zed_components/share/zed_components/hook/cmake_prefix_path.dsv'
[41.758s] INFO:colcon.colcon_core.shell:Creating environment hook '/simple_ws/install/zed_components/share/zed_components/hook/cmake_prefix_path.sh'
[41.759s] Level 1:colcon.colcon_core.environment:checking '/simple_ws/install/zed_components/lib'
[41.759s] Level 1:colcon.colcon_core.shell:create_environment_hook('zed_components', 'ld_library_path_lib')
[41.759s] INFO:colcon.colcon_core.shell:Creating environment hook '/simple_ws/install/zed_components/share/zed_components/hook/ld_library_path_lib.ps1'
[41.759s] INFO:colcon.colcon_core.shell:Creating environment descriptor '/simple_ws/install/zed_components/share/zed_components/hook/ld_library_path_lib.dsv'
[41.760s] INFO:colcon.colcon_core.shell:Creating environment hook '/simple_ws/install/zed_components/share/zed_components/hook/ld_library_path_lib.sh'
[41.760s] Level 1:colcon.colcon_core.environment:checking '/simple_ws/install/zed_components/bin'
[41.760s] Level 1:colcon.colcon_core.environment:checking '/simple_ws/install/zed_components/lib/pkgconfig/zed_components.pc'
[41.760s] Level 1:colcon.colcon_core.environment:checking '/simple_ws/install/zed_components/lib/python3.10/site-packages'
[41.760s] Level 1:colcon.colcon_core.environment:checking '/simple_ws/install/zed_components/bin'
[41.761s] INFO:colcon.colcon_core.shell:Creating package script '/simple_ws/install/zed_components/share/zed_components/package.ps1'
[41.761s] INFO:colcon.colcon_core.shell:Creating package descriptor '/simple_ws/install/zed_components/share/zed_components/package.dsv'
[41.762s] INFO:colcon.colcon_core.shell:Creating package script '/simple_ws/install/zed_components/share/zed_components/package.sh'
[41.762s] INFO:colcon.colcon_core.shell:Creating package script '/simple_ws/install/zed_components/share/zed_components/package.bash'
[41.763s] INFO:colcon.colcon_core.shell:Creating package script '/simple_ws/install/zed_components/share/zed_components/package.zsh'
[41.764s] Level 1:colcon.colcon_core.environment:create_file_with_runtime_dependencies(/simple_ws/install/zed_components/share/colcon-core/packages/zed_components)
[41.764s] INFO:colcon.colcon_ros.task.ament_cmake.build:Building ROS package in '/simple_ws/src/zed_wrapper' with build type 'ament_cmake'
[41.764s] INFO:colcon.colcon_cmake.task.cmake.build:Building CMake package in '/simple_ws/src/zed_wrapper'
[41.764s] INFO:colcon.colcon_core.shell:Skip shell extension 'powershell' for command environment: Not usable outside of PowerShell
[41.764s] DEBUG:colcon.colcon_core.shell:Skip shell extension 'dsv' for command environment
[41.772s] DEBUG:colcon.colcon_core.event_handler.log_command:Invoking command in '/simple_ws/build/zed_wrapper': CMAKE_PREFIX_PATH=/simple_ws/install/zed_components:/simple_ws/install/zed_ros2:/simple_ws/install/zed_wrapper:/simple_ws/install/ros_tcp_endpoint:/simple_ws/install/middle_nodes:/opt/ros/humble /usr/bin/cmake /simple_ws/src/zed_wrapper -DAMENT_CMAKE_SYMLINK_INSTALL=1 -DCMAKE_INSTALL_PREFIX=/simple_ws/install/zed_wrapper
[42.861s] DEBUG:colcon.colcon_core.event_handler.log_command:Invoked command in '/simple_ws/build/zed_wrapper' returned '0': CMAKE_PREFIX_PATH=/simple_ws/install/zed_components:/simple_ws/install/zed_ros2:/simple_ws/install/zed_wrapper:/simple_ws/install/ros_tcp_endpoint:/simple_ws/install/middle_nodes:/opt/ros/humble /usr/bin/cmake /simple_ws/src/zed_wrapper -DAMENT_CMAKE_SYMLINK_INSTALL=1 -DCMAKE_INSTALL_PREFIX=/simple_ws/install/zed_wrapper
[42.863s] DEBUG:colcon.colcon_core.event_handler.log_command:Invoking command in '/simple_ws/build/zed_wrapper': CMAKE_PREFIX_PATH=/simple_ws/install/zed_components:/simple_ws/install/zed_ros2:/simple_ws/install/zed_wrapper:/simple_ws/install/ros_tcp_endpoint:/simple_ws/install/middle_nodes:/opt/ros/humble /usr/bin/cmake --build /simple_ws/build/zed_wrapper -- -j32 -l32
[42.893s] DEBUG:colcon.colcon_core.event_handler.log_command:Invoked command in '/simple_ws/build/zed_wrapper' returned '0': CMAKE_PREFIX_PATH=/simple_ws/install/zed_components:/simple_ws/install/zed_ros2:/simple_ws/install/zed_wrapper:/simple_ws/install/ros_tcp_endpoint:/simple_ws/install/middle_nodes:/opt/ros/humble /usr/bin/cmake --build /simple_ws/build/zed_wrapper -- -j32 -l32
[42.894s] DEBUG:colcon.colcon_core.event_handler.log_command:Invoking command in '/simple_ws/build/zed_wrapper': CMAKE_PREFIX_PATH=/simple_ws/install/zed_components:/simple_ws/install/zed_ros2:/simple_ws/install/zed_wrapper:/simple_ws/install/ros_tcp_endpoint:/simple_ws/install/middle_nodes:/opt/ros/humble /usr/bin/cmake --install /simple_ws/build/zed_wrapper
[43.086s] Level 1:colcon.colcon_core.environment:create_environment_scripts_only(zed_wrapper)
[43.086s] Level 1:colcon.colcon_core.environment:checking '/simple_ws/install/zed_wrapper' for CMake module files
[43.087s] DEBUG:colcon.colcon_core.event_handler.log_command:Invoked command in '/simple_ws/build/zed_wrapper' returned '0': CMAKE_PREFIX_PATH=/simple_ws/install/zed_components:/simple_ws/install/zed_ros2:/simple_ws/install/zed_wrapper:/simple_ws/install/ros_tcp_endpoint:/simple_ws/install/middle_nodes:/opt/ros/humble /usr/bin/cmake --install /simple_ws/build/zed_wrapper
[43.087s] Level 1:colcon.colcon_core.environment:checking '/simple_ws/install/zed_wrapper' for CMake config files
[43.088s] Level 1:colcon.colcon_core.shell:create_environment_hook('zed_wrapper', 'cmake_prefix_path')
[43.088s] INFO:colcon.colcon_core.shell:Creating environment hook '/simple_ws/install/zed_wrapper/share/zed_wrapper/hook/cmake_prefix_path.ps1'
[43.088s] INFO:colcon.colcon_core.shell:Creating environment descriptor '/simple_ws/install/zed_wrapper/share/zed_wrapper/hook/cmake_prefix_path.dsv'
[43.089s] INFO:colcon.colcon_core.shell:Creating environment hook '/simple_ws/install/zed_wrapper/share/zed_wrapper/hook/cmake_prefix_path.sh'
[43.089s] Level 1:colcon.colcon_core.environment:checking '/simple_ws/install/zed_wrapper/bin'
[43.089s] Level 1:colcon.colcon_core.environment:checking '/simple_ws/install/zed_wrapper/lib/pkgconfig/zed_wrapper.pc'
[43.089s] Level 1:colcon.colcon_core.environment:checking '/simple_ws/install/zed_wrapper/lib/python3.10/site-packages'
[43.090s] Level 1:colcon.colcon_core.environment:checking '/simple_ws/install/zed_wrapper/bin'
[43.090s] INFO:colcon.colcon_core.shell:Creating package script '/simple_ws/install/zed_wrapper/share/zed_wrapper/package.ps1'
[43.090s] INFO:colcon.colcon_core.shell:Creating package descriptor '/simple_ws/install/zed_wrapper/share/zed_wrapper/package.dsv'
[43.091s] INFO:colcon.colcon_core.shell:Creating package script '/simple_ws/install/zed_wrapper/share/zed_wrapper/package.sh'
[43.091s] INFO:colcon.colcon_core.shell:Creating package script '/simple_ws/install/zed_wrapper/share/zed_wrapper/package.bash'
[43.091s] INFO:colcon.colcon_core.shell:Creating package script '/simple_ws/install/zed_wrapper/share/zed_wrapper/package.zsh'
[43.092s] Level 1:colcon.colcon_core.environment:create_file_with_runtime_dependencies(/simple_ws/install/zed_wrapper/share/colcon-core/packages/zed_wrapper)
[43.092s] Level 1:colcon.colcon_core.environment:create_environment_scripts_only(zed_wrapper)
[43.092s] Level 1:colcon.colcon_core.environment:checking '/simple_ws/install/zed_wrapper' for CMake module files
[43.093s] Level 1:colcon.colcon_core.environment:checking '/simple_ws/install/zed_wrapper' for CMake config files
[43.093s] Level 1:colcon.colcon_core.shell:create_environment_hook('zed_wrapper', 'cmake_prefix_path')
[43.093s] INFO:colcon.colcon_core.shell:Creating environment hook '/simple_ws/install/zed_wrapper/share/zed_wrapper/hook/cmake_prefix_path.ps1'
[43.094s] INFO:colcon.colcon_core.shell:Creating environment descriptor '/simple_ws/install/zed_wrapper/share/zed_wrapper/hook/cmake_prefix_path.dsv'
[43.094s] INFO:colcon.colcon_core.shell:Creating environment hook '/simple_ws/install/zed_wrapper/share/zed_wrapper/hook/cmake_prefix_path.sh'
[43.095s] Level 1:colcon.colcon_core.environment:checking '/simple_ws/install/zed_wrapper/bin'
[43.095s] Level 1:colcon.colcon_core.environment:checking '/simple_ws/install/zed_wrapper/lib/pkgconfig/zed_wrapper.pc'
[43.095s] Level 1:colcon.colcon_core.environment:checking '/simple_ws/install/zed_wrapper/lib/python3.10/site-packages'
[43.095s] Level 1:colcon.colcon_core.environment:checking '/simple_ws/install/zed_wrapper/bin'
[43.095s] INFO:colcon.colcon_core.shell:Creating package script '/simple_ws/install/zed_wrapper/share/zed_wrapper/package.ps1'
[43.096s] INFO:colcon.colcon_core.shell:Creating package descriptor '/simple_ws/install/zed_wrapper/share/zed_wrapper/package.dsv'
[43.096s] INFO:colcon.colcon_core.shell:Creating package script '/simple_ws/install/zed_wrapper/share/zed_wrapper/package.sh'
[43.096s] INFO:colcon.colcon_core.shell:Creating package script '/simple_ws/install/zed_wrapper/share/zed_wrapper/package.bash'
[43.097s] INFO:colcon.colcon_core.shell:Creating package script '/simple_ws/install/zed_wrapper/share/zed_wrapper/package.zsh'
[43.097s] Level 1:colcon.colcon_core.environment:create_file_with_runtime_dependencies(/simple_ws/install/zed_wrapper/share/colcon-core/packages/zed_wrapper)
[43.097s] INFO:colcon.colcon_ros.task.ament_cmake.build:Building ROS package in '/simple_ws/src/zed_ros2' with build type 'ament_cmake'
[43.097s] INFO:colcon.colcon_cmake.task.cmake.build:Building CMake package in '/simple_ws/src/zed_ros2'
[43.098s] INFO:colcon.colcon_core.shell:Skip shell extension 'powershell' for command environment: Not usable outside of PowerShell
[43.098s] DEBUG:colcon.colcon_core.shell:Skip shell extension 'dsv' for command environment
[43.107s] DEBUG:colcon.colcon_core.event_handler.log_command:Invoking command in '/simple_ws/build/zed_ros2': CMAKE_PREFIX_PATH=/simple_ws/install/zed_wrapper:/simple_ws/install/zed_components:/simple_ws/install/zed_ros2:/simple_ws/install/ros_tcp_endpoint:/simple_ws/install/middle_nodes:/opt/ros/humble /usr/bin/cmake /simple_ws/src/zed_ros2 -DAMENT_CMAKE_SYMLINK_INSTALL=1 -DCMAKE_INSTALL_PREFIX=/simple_ws/install/zed_ros2
[43.365s] DEBUG:colcon.colcon_core.event_handler.log_command:Invoked command in '/simple_ws/build/zed_ros2' returned '0': CMAKE_PREFIX_PATH=/simple_ws/install/zed_wrapper:/simple_ws/install/zed_components:/simple_ws/install/zed_ros2:/simple_ws/install/ros_tcp_endpoint:/simple_ws/install/middle_nodes:/opt/ros/humble /usr/bin/cmake /simple_ws/src/zed_ros2 -DAMENT_CMAKE_SYMLINK_INSTALL=1 -DCMAKE_INSTALL_PREFIX=/simple_ws/install/zed_ros2
[43.366s] DEBUG:colcon.colcon_core.event_handler.log_command:Invoking command in '/simple_ws/build/zed_ros2': CMAKE_PREFIX_PATH=/simple_ws/install/zed_wrapper:/simple_ws/install/zed_components:/simple_ws/install/zed_ros2:/simple_ws/install/ros_tcp_endpoint:/simple_ws/install/middle_nodes:/opt/ros/humble /usr/bin/cmake --build /simple_ws/build/zed_ros2 -- -j32 -l32
[43.394s] DEBUG:colcon.colcon_core.event_handler.log_command:Invoked command in '/simple_ws/build/zed_ros2' returned '0': CMAKE_PREFIX_PATH=/simple_ws/install/zed_wrapper:/simple_ws/install/zed_components:/simple_ws/install/zed_ros2:/simple_ws/install/ros_tcp_endpoint:/simple_ws/install/middle_nodes:/opt/ros/humble /usr/bin/cmake --build /simple_ws/build/zed_ros2 -- -j32 -l32
[43.395s] DEBUG:colcon.colcon_core.event_handler.log_command:Invoking command in '/simple_ws/build/zed_ros2': CMAKE_PREFIX_PATH=/simple_ws/install/zed_wrapper:/simple_ws/install/zed_components:/simple_ws/install/zed_ros2:/simple_ws/install/ros_tcp_endpoint:/simple_ws/install/middle_nodes:/opt/ros/humble /usr/bin/cmake --install /simple_ws/build/zed_ros2
[43.493s] Level 1:colcon.colcon_core.environment:create_environment_scripts_only(zed_ros2)
[43.493s] Level 1:colcon.colcon_core.environment:checking '/simple_ws/install/zed_ros2' for CMake module files
[43.493s] DEBUG:colcon.colcon_core.event_handler.log_command:Invoked command in '/simple_ws/build/zed_ros2' returned '0': CMAKE_PREFIX_PATH=/simple_ws/install/zed_wrapper:/simple_ws/install/zed_components:/simple_ws/install/zed_ros2:/simple_ws/install/ros_tcp_endpoint:/simple_ws/install/middle_nodes:/opt/ros/humble /usr/bin/cmake --install /simple_ws/build/zed_ros2
[43.494s] Level 1:colcon.colcon_core.environment:checking '/simple_ws/install/zed_ros2' for CMake config files
[43.494s] Level 1:colcon.colcon_core.shell:create_environment_hook('zed_ros2', 'cmake_prefix_path')
[43.494s] INFO:colcon.colcon_core.shell:Creating environment hook '/simple_ws/install/zed_ros2/share/zed_ros2/hook/cmake_prefix_path.ps1'
[43.495s] INFO:colcon.colcon_core.shell:Creating environment descriptor '/simple_ws/install/zed_ros2/share/zed_ros2/hook/cmake_prefix_path.dsv'
[43.495s] INFO:colcon.colcon_core.shell:Creating environment hook '/simple_ws/install/zed_ros2/share/zed_ros2/hook/cmake_prefix_path.sh'
[43.495s] Level 1:colcon.colcon_core.environment:checking '/simple_ws/install/zed_ros2/bin'
[43.495s] Level 1:colcon.colcon_core.environment:checking '/simple_ws/install/zed_ros2/lib/pkgconfig/zed_ros2.pc'
[43.496s] Level 1:colcon.colcon_core.environment:checking '/simple_ws/install/zed_ros2/lib/python3.10/site-packages'
[43.496s] Level 1:colcon.colcon_core.environment:checking '/simple_ws/install/zed_ros2/bin'
[43.496s] INFO:colcon.colcon_core.shell:Creating package script '/simple_ws/install/zed_ros2/share/zed_ros2/package.ps1'
[43.496s] INFO:colcon.colcon_core.shell:Creating package descriptor '/simple_ws/install/zed_ros2/share/zed_ros2/package.dsv'
[43.497s] INFO:colcon.colcon_core.shell:Creating package script '/simple_ws/install/zed_ros2/share/zed_ros2/package.sh'
[43.497s] INFO:colcon.colcon_core.shell:Creating package script '/simple_ws/install/zed_ros2/share/zed_ros2/package.bash'
[43.497s] INFO:colcon.colcon_core.shell:Creating package script '/simple_ws/install/zed_ros2/share/zed_ros2/package.zsh'
[43.498s] Level 1:colcon.colcon_core.environment:create_file_with_runtime_dependencies(/simple_ws/install/zed_ros2/share/colcon-core/packages/zed_ros2)
[43.498s] Level 1:colcon.colcon_core.environment:create_environment_scripts_only(zed_ros2)
[43.498s] Level 1:colcon.colcon_core.environment:checking '/simple_ws/install/zed_ros2' for CMake module files
[43.499s] Level 1:colcon.colcon_core.environment:checking '/simple_ws/install/zed_ros2' for CMake config files
[43.499s] Level 1:colcon.colcon_core.shell:create_environment_hook('zed_ros2', 'cmake_prefix_path')
[43.499s] INFO:colcon.colcon_core.shell:Creating environment hook '/simple_ws/install/zed_ros2/share/zed_ros2/hook/cmake_prefix_path.ps1'
[43.500s] INFO:colcon.colcon_core.shell:Creating environment descriptor '/simple_ws/install/zed_ros2/share/zed_ros2/hook/cmake_prefix_path.dsv'
[43.500s] INFO:colcon.colcon_core.shell:Creating environment hook '/simple_ws/install/zed_ros2/share/zed_ros2/hook/cmake_prefix_path.sh'
[43.500s] Level 1:colcon.colcon_core.environment:checking '/simple_ws/install/zed_ros2/bin'
[43.500s] Level 1:colcon.colcon_core.environment:checking '/simple_ws/install/zed_ros2/lib/pkgconfig/zed_ros2.pc'
[43.501s] Level 1:colcon.colcon_core.environment:checking '/simple_ws/install/zed_ros2/lib/python3.10/site-packages'
[43.501s] Level 1:colcon.colcon_core.environment:checking '/simple_ws/install/zed_ros2/bin'
[43.501s] INFO:colcon.colcon_core.shell:Creating package script '/simple_ws/install/zed_ros2/share/zed_ros2/package.ps1'
[43.501s] INFO:colcon.colcon_core.shell:Creating package descriptor '/simple_ws/install/zed_ros2/share/zed_ros2/package.dsv'
[43.502s] INFO:colcon.colcon_core.shell:Creating package script '/simple_ws/install/zed_ros2/share/zed_ros2/package.sh'
[43.502s] INFO:colcon.colcon_core.shell:Creating package script '/simple_ws/install/zed_ros2/share/zed_ros2/package.bash'
[43.503s] INFO:colcon.colcon_core.shell:Creating package script '/simple_ws/install/zed_ros2/share/zed_ros2/package.zsh'
[43.503s] Level 1:colcon.colcon_core.environment:create_file_with_runtime_dependencies(/simple_ws/install/zed_ros2/share/colcon-core/packages/zed_ros2)
[43.503s] DEBUG:colcon.colcon_parallel_executor.executor.parallel:closing loop
[43.504s] DEBUG:colcon.colcon_parallel_executor.executor.parallel:loop closed
[43.504s] DEBUG:colcon.colcon_parallel_executor.executor.parallel:run_until_complete finished with '0'
[43.504s] DEBUG:colcon.colcon_core.event_reactor:joining thread
[43.517s] INFO:colcon.colcon_core.plugin_system:Skipping extension 'colcon_notification.desktop_notification.notify_send': Could not find 'notify-send'
[43.517s] INFO:colcon.colcon_core.plugin_system:Skipping extension 'colcon_notification.desktop_notification.terminal_notifier': Not used on non-Darwin systems
[43.517s] INFO:colcon.colcon_core.plugin_system:Skipping extension 'colcon_notification.desktop_notification.win32': Not used on non-Windows systems
[43.517s] INFO:colcon.colcon_notification.desktop_notification:Sending desktop notification using 'notify2'
[43.520s] DEBUG:colcon.colcon_notification.desktop_notification.notify2:Failed to initialize notify2: org.freedesktop.DBus.Error.Spawn.ExecFailed: /usr/bin/dbus-launch terminated abnormally without any error message
[43.520s] DEBUG:colcon.colcon_core.event_reactor:joined thread
[43.521s] INFO:colcon.colcon_core.shell:Creating prefix script '/simple_ws/install/local_setup.ps1'
[43.522s] INFO:colcon.colcon_core.shell:Creating prefix util module '/simple_ws/install/_local_setup_util_ps1.py'
[43.523s] INFO:colcon.colcon_core.shell:Creating prefix chain script '/simple_ws/install/setup.ps1'
[43.524s] INFO:colcon.colcon_core.shell:Creating prefix script '/simple_ws/install/local_setup.sh'
[43.525s] INFO:colcon.colcon_core.shell:Creating prefix util module '/simple_ws/install/_local_setup_util_sh.py'
[43.525s] INFO:colcon.colcon_core.shell:Creating prefix chain script '/simple_ws/install/setup.sh'
[43.526s] INFO:colcon.colcon_core.shell:Creating prefix script '/simple_ws/install/local_setup.bash'
[43.527s] INFO:colcon.colcon_core.shell:Creating prefix chain script '/simple_ws/install/setup.bash'
[43.528s] INFO:colcon.colcon_core.shell:Creating prefix script '/simple_ws/install/local_setup.zsh'
[43.529s] INFO:colcon.colcon_core.shell:Creating prefix chain script '/simple_ws/install/setup.zsh'
