[0.507s] Invoking command in '/simple_ws/build/middle_nodes': PYTHONPATH=/simple_ws/build/middle_nodes/prefix_override:/usr/lib/python3/dist-packages/colcon_core/task/python/colcon_distutils_commands:/simple_ws/install/middle_nodes/lib/python3.10/site-packages:${PYTHONPATH} /usr/bin/python3 -W ignore:setup.py install is deprecated -W ignore:easy_install command is deprecated setup.py develop --editable --build-directory /simple_ws/build/middle_nodes/build --no-deps symlink_data
[0.644s] running develop
[0.710s] running egg_info
[0.711s] creating middle_nodes.egg-info
[0.711s] writing middle_nodes.egg-info/PKG-INFO
[0.711s] writing dependency_links to middle_nodes.egg-info/dependency_links.txt
[0.711s] writing entry points to middle_nodes.egg-info/entry_points.txt
[0.711s] writing requirements to middle_nodes.egg-info/requires.txt
[0.711s] writing top-level names to middle_nodes.egg-info/top_level.txt
[0.711s] writing manifest file 'middle_nodes.egg-info/SOURCES.txt'
[0.712s] reading manifest file 'middle_nodes.egg-info/SOURCES.txt'
[0.712s] writing manifest file 'middle_nodes.egg-info/SOURCES.txt'
[0.740s] running build_ext
[0.740s] Creating /simple_ws/install/middle_nodes/lib/python3.10/site-packages/middle-nodes.egg-link (link to .)
[0.741s] Installing listener script to /simple_ws/install/middle_nodes/lib/middle_nodes
[0.741s] Installing listener2 script to /simple_ws/install/middle_nodes/lib/middle_nodes
[0.741s] Installing talker script to /simple_ws/install/middle_nodes/lib/middle_nodes
[0.741s] Installing zedStream script to /simple_ws/install/middle_nodes/lib/middle_nodes
[0.741s] Installing zedimage_bridge script to /simple_ws/install/middle_nodes/lib/middle_nodes
[0.741s] 
[0.741s] Installed /simple_ws/build/middle_nodes
[0.741s] running symlink_data
[0.741s] creating /simple_ws/install/middle_nodes/share/ament_index
[0.741s] creating /simple_ws/install/middle_nodes/share/ament_index/resource_index
[0.741s] creating /simple_ws/install/middle_nodes/share/ament_index/resource_index/packages
[0.742s] symbolically linking /simple_ws/build/middle_nodes/resource/middle_nodes -> /simple_ws/install/middle_nodes/share/ament_index/resource_index/packages
[0.742s] symbolically linking /simple_ws/build/middle_nodes/package.xml -> /simple_ws/install/middle_nodes/share/middle_nodes
[0.742s] creating /simple_ws/install/middle_nodes/share/middle_nodes/launch
[0.742s] symbolically linking /simple_ws/build/middle_nodes/launch/zed_vr_conexion.launch.py -> /simple_ws/install/middle_nodes/share/middle_nodes/launch
[0.767s] Invoked command in '/simple_ws/build/middle_nodes' returned '0': PYTHONPATH=/simple_ws/build/middle_nodes/prefix_override:/usr/lib/python3/dist-packages/colcon_core/task/python/colcon_distutils_commands:/simple_ws/install/middle_nodes/lib/python3.10/site-packages:${PYTHONPATH} /usr/bin/python3 -W ignore:setup.py install is deprecated -W ignore:easy_install command is deprecated setup.py develop --editable --build-directory /simple_ws/build/middle_nodes/build --no-deps symlink_data
